mode: set
github.com/ELIXIR-NO/FEGA-Norway/services/cega-mock/main.go:42.18,43.65 1 1
github.com/ELIXIR-NO/FEGA-Norway/services/cega-mock/main.go:43.65,45.3 1 0
github.com/ELIXIR-NO/FEGA-Norway/services/cega-mock/main.go:47.2,50.29 3 1
github.com/ELIXIR-NO/FEGA-Norway/services/cega-mock/main.go:50.29,53.3 2 1
github.com/ELIXIR-NO/FEGA-Norway/services/cega-mock/main.go:56.60,57.16 1 1
github.com/ELIXIR-NO/FEGA-Norway/services/cega-mock/main.go:58.18,59.51 1 1
github.com/ELIXIR-NO/FEGA-Norway/services/cega-mock/main.go:59.51,61.4 1 1
github.com/ELIXIR-NO/FEGA-Norway/services/cega-mock/main.go:62.13,63.55 1 1
github.com/ELIXIR-NO/FEGA-Norway/services/cega-mock/main.go:63.55,64.40 1 1
github.com/ELIXIR-NO/FEGA-Norway/services/cega-mock/main.go:64.40,66.5 1 1
github.com/ELIXIR-NO/FEGA-Norway/services/cega-mock/main.go:69.2,69.12 1 1
github.com/ELIXIR-NO/FEGA-Norway/services/cega-mock/main.go:72.58,74.22 2 1
github.com/ELIXIR-NO/FEGA-Norway/services/cega-mock/main.go:74.22,77.3 2 0
github.com/ELIXIR-NO/FEGA-Norway/services/cega-mock/main.go:79.2,80.16 2 1
github.com/ELIXIR-NO/FEGA-Norway/services/cega-mock/main.go:80.16,83.3 2 0
github.com/ELIXIR-NO/FEGA-Norway/services/cega-mock/main.go:85.2,86.21 2 1
github.com/ELIXIR-NO/FEGA-Norway/services/cega-mock/main.go:86.21,89.3 2 0
github.com/ELIXIR-NO/FEGA-Norway/services/cega-mock/main.go:90.2,92.68 2 1
github.com/ELIXIR-NO/FEGA-Norway/services/cega-mock/main.go:92.68,95.3 2 1
github.com/ELIXIR-NO/FEGA-Norway/services/cega-mock/main.go:97.2,100.25 3 1
github.com/ELIXIR-NO/FEGA-Norway/services/cega-mock/main.go:100.25,103.3 2 0
github.com/ELIXIR-NO/FEGA-Norway/services/cega-mock/main.go:105.2,108.21 4 1
github.com/ELIXIR-NO/FEGA-Norway/services/cega-mock/main.go:108.21,111.3 2 1
github.com/ELIXIR-NO/FEGA-Norway/services/cega-mock/main.go:113.2,132.37 3 1
github.com/ELIXIR-NO/FEGA-Norway/services/cega-mock/main.go:135.13,136.22 1 0
github.com/ELIXIR-NO/FEGA-Norway/services/cega-mock/main.go:136.22,138.3 1 0
github.com/ELIXIR-NO/FEGA-Norway/services/cega-mock/main.go:140.2,151.55 7 0
github.com/ELIXIR-NO/FEGA-Norway/services/cega-mock/main.go:151.55,153.3 1 0
